{
  "paragraphs": [
    {
      "text": "import cntk\ncntk.logging.set_trace_level(2)\ncntk.all_devices() ",
      "user": "prashantp@qubole.com",
      "dateUpdated": "Mar 13, 2018 5:23:33 AM",
      "config": {
        "colWidth": 12.0,
        "graph": {
          "mode": "table",
          "height": 300.0,
          "optionOpen": false,
          "keys": [],
          "values": [],
          "groups": [],
          "scatter": {}
        },
        "enabled": true,
        "editorMode": "ace/mode/python"
      },
      "settings": {
        "params": {},
        "forms": {}
      },
      "paragraphProgress": {
        "jobs": [],
        "numCompletedTasks": 0,
        "numTasks": 0,
        "truncated": false
      },
      "version": "v0",
      "jobName": "paragraph_1520856402732_179810980",
      "id": "20180312-120642_669605594_q_VXCMWPEEYV1520875709",
      "result": {
        "code": "ERROR",
        "type": "TEXT",
        "msg": "Traceback (most recent call last):\n  File \"/usr/lib/a-4.2.0-py-3.5.3-dl-gpu-full/lib/python3.5/site-packages/cntk/cntk_py.py\", line 18, in swig_import_helper\n    return importlib.import_module(mname)\n  File \"/usr/lib/a-4.2.0-py-3.5.3-dl-gpu-full/lib/python3.5/importlib/__init__.py\", line 126, in import_module\n    return _bootstrap._gcd_import(name[level:], package, level)\n  File \"\u003cfrozen importlib._bootstrap\u003e\", line 986, in _gcd_import\n  File \"\u003cfrozen importlib._bootstrap\u003e\", line 969, in _find_and_load\n  File \"\u003cfrozen importlib._bootstrap\u003e\", line 956, in _find_and_load_unlocked\nImportError: No module named \u0027cntk._cntk_py\u0027\n\nDuring handling of the above exception, another exception occurred:\n\nTraceback (most recent call last):\n  File \"/tmp/zeppelin_pyspark-5504377988009760919.py\", line 292, in \u003cmodule\u003e\n    exec(code)\n  File \"\u003cstdin\u003e\", line 1, in \u003cmodule\u003e\n  File \"/usr/lib/a-4.2.0-py-3.5.3-dl-gpu-full/lib/python3.5/site-packages/cntk/__init__.py\", line 10, in \u003cmodule\u003e\n    from . import cntk_py\n  File \"/usr/lib/a-4.2.0-py-3.5.3-dl-gpu-full/lib/python3.5/site-packages/cntk/cntk_py.py\", line 21, in \u003cmodule\u003e\n    _cntk_py \u003d swig_import_helper()\n  File \"/usr/lib/a-4.2.0-py-3.5.3-dl-gpu-full/lib/python3.5/site-packages/cntk/cntk_py.py\", line 20, in swig_import_helper\n    return importlib.import_module(\u0027_cntk_py\u0027)\n  File \"/usr/lib/a-4.2.0-py-3.5.3-dl-gpu-full/lib/python3.5/importlib/__init__.py\", line 126, in import_module\n    return _bootstrap._gcd_import(name[level:], package, level)\nImportError: libjpeg.so.8: cannot open shared object file: No such file or directory\n\nDuring handling of the above exception, another exception occurred:\n\nTraceback (most recent call last):\n  File \"/tmp/zeppelin_pyspark-5504377988009760919.py\", line 299, in \u003cmodule\u003e\n    raise Exception(traceback.format_exc())\nException: Traceback (most recent call last):\n  File \"/usr/lib/a-4.2.0-py-3.5.3-dl-gpu-full/lib/python3.5/site-packages/cntk/cntk_py.py\", line 18, in swig_import_helper\n    return importlib.import_module(mname)\n  File \"/usr/lib/a-4.2.0-py-3.5.3-dl-gpu-full/lib/python3.5/importlib/__init__.py\", line 126, in import_module\n    return _bootstrap._gcd_import(name[level:], package, level)\n  File \"\u003cfrozen importlib._bootstrap\u003e\", line 986, in _gcd_import\n  File \"\u003cfrozen importlib._bootstrap\u003e\", line 969, in _find_and_load\n  File \"\u003cfrozen importlib._bootstrap\u003e\", line 956, in _find_and_load_unlocked\nImportError: No module named \u0027cntk._cntk_py\u0027\n\nDuring handling of the above exception, another exception occurred:\n\nTraceback (most recent call last):\n  File \"/tmp/zeppelin_pyspark-5504377988009760919.py\", line 292, in \u003cmodule\u003e\n    exec(code)\n  File \"\u003cstdin\u003e\", line 1, in \u003cmodule\u003e\n  File \"/usr/lib/a-4.2.0-py-3.5.3-dl-gpu-full/lib/python3.5/site-packages/cntk/__init__.py\", line 10, in \u003cmodule\u003e\n    from . import cntk_py\n  File \"/usr/lib/a-4.2.0-py-3.5.3-dl-gpu-full/lib/python3.5/site-packages/cntk/cntk_py.py\", line 21, in \u003cmodule\u003e\n    _cntk_py \u003d swig_import_helper()\n  File \"/usr/lib/a-4.2.0-py-3.5.3-dl-gpu-full/lib/python3.5/site-packages/cntk/cntk_py.py\", line 20, in swig_import_helper\n    return importlib.import_module(\u0027_cntk_py\u0027)\n  File \"/usr/lib/a-4.2.0-py-3.5.3-dl-gpu-full/lib/python3.5/importlib/__init__.py\", line 126, in import_module\n    return _bootstrap._gcd_import(name[level:], package, level)\nImportError: libjpeg.so.8: cannot open shared object file: No such file or directory\n\n"
      },
      "dateCreated": "Mar 12, 2018 12:06:42 PM",
      "dateStarted": "Mar 13, 2018 5:23:33 AM",
      "dateFinished": "Mar 13, 2018 5:25:35 AM",
      "status": "ERROR",
      "progressUpdateIntervalMs": 500
    },
    {
      "title": "Checking GPU for CNTK",
      "text": "%sh\n#ToBeCompared\nfunction getResultsForPara() {\n    para_id\u003d$1\n    note_name\u003d\"ToBeCompare_CheckGPUCNTK\"\n    python \u003c\u003c END\nimport subprocess\nimport json\na \u003d subprocess.check_output(\"grep -r $note_name /usr/lib/zeppelin/notebook/ | head -n 1\", shell\u003d True, stderr\u003dsubprocess.STDOUT)\nb \u003d a.split(\":\")[0]\n\na \u003d open(b, \u0027r\u0027)\nb \u003d json.load(a)\nc \u003d b[\u0027paragraphs\u0027][$para_id][\u0027result\u0027][\u0027msg\u0027]\nif \u0027GPU\u0027 in c:\n    print(True)\nelse:\n    print(False)\nEND\n}\ngetResultsForPara 0",
      "user": "prashantp@qubole.com",
      "dateUpdated": "Mar 13, 2018 6:51:20 AM",
      "config": {
        "colWidth": 12.0,
        "graph": {
          "mode": "table",
          "height": 300.0,
          "optionOpen": false,
          "keys": [],
          "values": [],
          "groups": [],
          "scatter": {}
        },
        "enabled": true,
        "editorMode": "ace/mode/sh",
        "title": true
      },
      "settings": {
        "params": {},
        "forms": {}
      },
      "version": "v0",
      "jobName": "paragraph_1520856509622_953461108",
      "id": "20180312-120829_405084188_q_VXCMWPEEYV1520875709",
      "result": {
        "code": "SUCCESS",
        "type": "TEXT",
        "msg": "False\n"
      },
      "dateCreated": "Mar 12, 2018 12:08:29 PM",
      "dateStarted": "Mar 13, 2018 6:51:20 AM",
      "dateFinished": "Mar 13, 2018 6:51:20 AM",
      "status": "FINISHED",
      "progressUpdateIntervalMs": 500
    },
    {
      "text": "",
      "config": {},
      "settings": {
        "params": {},
        "forms": {}
      },
      "version": "v0",
      "jobName": "paragraph_1520864125600_-1707784166",
      "id": "20180312-141525_1195087061_q_VXCMWPEEYV1520875709",
      "dateCreated": "Mar 12, 2018 2:15:25 PM",
      "status": "READY",
      "progressUpdateIntervalMs": 500
    }
  ],
  "name": "ToBeCompared_CheckGPUCNTK",
  "id": "VXCMWPEEYV1520875709",
  "angularObjects": {
    "2D5ZANCQ1946841516796256905:shared_process": [],
    "2D4AD5YJF946841516796067432:shared_process": [],
    "2D3SKE2U8946841516796067437:shared_process": [],
    "2D6RCD76A946841516796067428:shared_process": []
  },
  "config": {
    "isDashboard": false
  },
  "info": {},
  "source": "FCN"
}